[debug] [2021-11-09T14:38:31.007Z] ----------------------------------------------------------------------
[debug] [2021-11-09T14:38:31.010Z] Command:       C:\Program Files\nodejs\node.exe C:\Users\niels\AppData\Roaming\npm\node_modules\firebase-tools\lib\bin\firebase.js init
[debug] [2021-11-09T14:38:31.011Z] CLI Version:   9.22.0
[debug] [2021-11-09T14:38:31.011Z] Platform:      win32
[debug] [2021-11-09T14:38:31.011Z] Node Version:  v14.15.0
[debug] [2021-11-09T14:38:31.012Z] Time:          Tue Nov 09 2021 15:38:31 GMT+0100 (Midden-Europese standaardtijd)
[debug] [2021-11-09T14:38:31.013Z] ----------------------------------------------------------------------
[debug] 
[debug] [2021-11-09T14:38:31.022Z] > command requires scopes: ["email","openid","https://www.googleapis.com/auth/cloudplatformprojects.readonly","https://www.googleapis.com/auth/firebase","https://www.googleapis.com/auth/cloud-platform"]
[debug] [2021-11-09T14:38:31.022Z] > authorizing via signed-in user (nielson2001@gmail.com)
[info] 
     ######## #### ########  ######## ########     ###     ######  ########
     ##        ##  ##     ## ##       ##     ##  ##   ##  ##       ##
     ######    ##  ########  ######   ########  #########  ######  ######
     ##        ##  ##    ##  ##       ##     ## ##     ##       ## ##
     ##       #### ##     ## ######## ########  ##     ##  ######  ########

You're about to initialize a Firebase project in this directory:

  C:\html\sites\IPMEDT2_HER

Before we get started, keep in mind:

  * You are currently outside your home directory

[info] 
=== Project Setup
[info] 
[info] First, let's associate this project directory with a Firebase project.
[info] You can create multiple project aliases by running firebase use --add, 
[info] but for now we'll just set up a default project.
[info] 
[debug] [2021-11-09T14:38:38.678Z] >>> [apiv2][query] GET https://firebase.googleapis.com/v1beta1/projects pageSize=100
[debug] [2021-11-09T14:38:39.140Z] <<< [apiv2][status] GET https://firebase.googleapis.com/v1beta1/projects 200
[debug] [2021-11-09T14:38:39.140Z] <<< [apiv2][body] GET https://firebase.googleapis.com/v1beta1/projects [omitted]
[info] i  Using project ipmedt2her-s1122255-s1122314 (IPMEDT2HER S1122255-S1122314) 
[info] 
=== Hosting Setup
[info] 
[info] Your public directory is the folder (relative to your project directory) that
[info] will contain Hosting assets to be uploaded with firebase deploy. If you
[info] have a build process for your assets, use your build's output directory.
[info] 
[info] +  Wrote public/404.html 
[debug] [2021-11-09T14:41:18.693Z] >>> [apiv2][query] GET https://www.gstatic.com/firebasejs/releases.json [none]
[debug] [2021-11-09T14:41:18.762Z] <<< [apiv2][status] GET https://www.gstatic.com/firebasejs/releases.json 200
[debug] [2021-11-09T14:41:18.762Z] <<< [apiv2][body] GET https://www.gstatic.com/firebasejs/releases.json {"current":{"version":"9.4.0","browserURL":"https://www.gstatic.com/firebasejs/9.4.0/firebase.js","packageURL":"https://www.gstatic.com/firebasejs/9.4.0/firebase.tgz"},"live":{"version":"9.4","browserURL":"https://www.gstatic.com/firebasejs/live/9.4/firebase.js","packageURL":"https://www.gstatic.com/firebasejs/live/9.4/firebase.tgz"},"components":{"analytics":"https://www.gstatic.com/firebasejs/9.4.0/firebase-analytics.js","app":"https://www.gstatic.com/firebasejs/9.4.0/firebase-app.js","app-check":"https://www.gstatic.com/firebasejs/9.4.0/firebase-app-check.js","auth":"https://www.gstatic.com/firebasejs/9.4.0/firebase-auth.js","auth/cordova":"https://www.gstatic.com/firebasejs/9.4.0/firebase-auth/cordova.js","auth/react-native":"https://www.gstatic.com/firebasejs/9.4.0/firebase-auth/react-native.js","functions":"https://www.gstatic.com/firebasejs/9.4.0/firebase-functions.js","firestore":"https://www.gstatic.com/firebasejs/9.4.0/firebase-firestore.js","firestore/lite":"https://www.gstatic.com/firebasejs/9.4.0/firebase-firestore/lite.js","storage":"https://www.gstatic.com/firebasejs/9.4.0/firebase-storage.js","performance":"https://www.gstatic.com/firebasejs/9.4.0/firebase-performance.js","remote-config":"https://www.gstatic.com/firebasejs/9.4.0/firebase-remote-config.js","messaging":"https://www.gstatic.com/firebasejs/9.4.0/firebase-messaging.js","messaging/sw":"https://www.gstatic.com/firebasejs/9.4.0/firebase-messaging/sw.js","database":"https://www.gstatic.com/firebasejs/9.4.0/firebase-database.js","firestore.memory":"https://www.gstatic.com/firebasejs/9.4.0/firebase-firestore.memory.js"}}
[info] i  Skipping write of public/index.html 
